2021-01-24 12:59:09.096+0000 INFO  ======== Neo4j 3.5.26 ========
2021-01-24 12:59:09.131+0000 INFO  Starting...
2021-01-24 12:59:12.693+0000 INFO  Bolt enabled on 127.0.0.1:7687.
2021-01-24 12:59:14.986+0000 INFO  Started.
2021-01-24 12:59:16.370+0000 INFO  Remote interface available at http://localhost:7474/
2021-01-24 13:00:44.208+0000 INFO  Neo4j Server shutdown initiated by request
2021-01-24 13:00:44.235+0000 INFO  Stopping...
2021-01-24 13:00:44.273+0000 INFO  Stopped.
2021-01-24 13:00:46.330+0000 INFO  ======== Neo4j 3.5.26 ========
2021-01-24 13:00:46.343+0000 INFO  Starting...
2021-01-24 13:00:48.488+0000 INFO  Bolt enabled on 127.0.0.1:7687.
2021-01-24 13:00:50.175+0000 INFO  Started.
2021-01-24 13:00:51.252+0000 INFO  Remote interface available at http://localhost:7474/
2021-01-24 13:01:30.771+0000 WARN  The client is unauthorized due to authentication failure.
2021-01-24 13:01:36.497+0000 WARN  The client is unauthorized due to authentication failure.
2021-01-24 13:01:58.524+0000 INFO  Neo4j Server shutdown initiated by request
2021-01-24 13:01:58.541+0000 INFO  Stopping...
2021-01-24 13:01:58.573+0000 INFO  Stopped.
2021-01-24 13:02:04.926+0000 INFO  ======== Neo4j 3.5.26 ========
2021-01-24 13:02:04.944+0000 INFO  Starting...
2021-01-24 13:02:07.508+0000 INFO  Bolt enabled on 127.0.0.1:7687.
2021-01-24 13:02:09.948+0000 INFO  Started.
2021-01-24 13:02:11.222+0000 INFO  Remote interface available at http://localhost:7474/
2021-01-24 13:02:17.003+0000 WARN  The client is unauthorized due to authentication failure.
2021-01-24 17:32:07.806+0000 INFO  Neo4j Server shutdown initiated by request
2021-01-24 17:32:07.840+0000 INFO  Stopping...
2021-01-24 17:32:07.889+0000 INFO  Stopped.
2021-01-24 17:56:19.289+0000 INFO  ======== Neo4j 3.5.26 ========
2021-01-24 17:56:19.304+0000 INFO  Starting...
2021-01-24 17:56:22.185+0000 INFO  Bolt enabled on 127.0.0.1:7687.
2021-01-24 17:56:24.431+0000 INFO  Started.
2021-01-24 17:56:25.885+0000 INFO  Remote interface available at http://localhost:7474/
2021-01-24 19:56:59.743+0000 INFO  Neo4j Server shutdown initiated by request
2021-01-24 19:56:59.784+0000 INFO  Stopping...
2021-01-24 19:56:59.835+0000 INFO  Stopped.
2021-01-26 11:30:17.763+0000 INFO  ======== Neo4j 3.5.26 ========
2021-01-26 11:30:17.795+0000 INFO  Starting...
2021-01-26 11:30:20.453+0000 INFO  Bolt enabled on 127.0.0.1:7687.
2021-01-26 11:30:22.573+0000 INFO  Started.
2021-01-26 11:30:23.933+0000 INFO  Remote interface available at http://localhost:7474/
